<?xml version="1.0" encoding="UTF-8"?>
<!-- Generated by org.testng.reporters.JUnitReportReporter -->
<testsuite hostname="WINCTRL-4UBSUNC" name="TestNGPrograms.TestNG1_Progarm" tests="4" failures="0" timestamp="8 Mar 2019 06:27:55 GMT" time="0.062" errors="0">
  <testcase name="inbox" time="0.000" classname="TestNGPrograms.TestNG1_Progarm"/>
  <testcase name="applicationLaunch" time="0.015" classname="TestNGPrograms.TestNG1_Progarm"/>
  <testcase name="sentMail" time="0.031" classname="TestNGPrograms.TestNG1_Progarm"/>
  <testcase name="composeData" time="0.016" classname="TestNGPrograms.TestNG1_Progarm"/>
</testsuite> <!-- TestNGPrograms.TestNG1_Progarm -->
