<?xml version="1.0" encoding="UTF-8"?>
<!-- Generated by org.testng.reporters.JUnitReportReporter -->
<testsuite hostname="WINCTRL-4UBSUNC" name="com.DataDrivenBasicprogarmsofTestNG.TestNG_BrowserAutomate" tests="1" failures="0" timestamp="11 Mar 2019 06:47:37 GMT" time="0.000" errors="0">
  <testcase name="mesgDisplay" time="0.000" classname="com.DataDrivenBasicprogarmsofTestNG.TestNG_BrowserAutomate"/>
</testsuite> <!-- com.DataDrivenBasicprogarmsofTestNG.TestNG_BrowserAutomate -->
