<?xml version="1.0" encoding="UTF-8"?>
<!-- Generated by org.testng.reporters.JUnitReportReporter -->
<testsuite hostname="WINCTRL-4UBSUNC" name="TestNGPrograms.Before_After_TestCase1" tests="3" failures="0" timestamp="9 Mar 2019 06:39:49 GMT" time="0.014" errors="0">
  <testcase name="composeMail" time="0.003" classname="TestNGPrograms.Before_After_TestCase1"/>
  <testcase name="inBoxMail" time="0.003" classname="TestNGPrograms.Before_After_TestCase1"/>
  <testcase name="logInGmail" time="0.008" classname="TestNGPrograms.Before_After_TestCase1"/>
</testsuite> <!-- TestNGPrograms.Before_After_TestCase1 -->
