<?xml version="1.0" encoding="UTF-8"?>
<!-- Generated by org.testng.reporters.JUnitReportReporter -->
<testsuite hostname="WINCTRL-4UBSUNC" name="TestNGPrograms.Before_AfterMethod2" tests="1" failures="0" timestamp="9 Mar 2019 07:21:49 GMT" time="0.014" errors="0">
  <testcase name="applicationLaunch" time="0.014" classname="TestNGPrograms.Before_AfterMethod2"/>
</testsuite> <!-- TestNGPrograms.Before_AfterMethod2 -->
