<?xml version="1.0" encoding="UTF-8"?>
<!-- Generated by org.testng.reporters.JUnitReportReporter -->
<testsuite hostname="WINCTRL-4UBSUNC" name="com.pom_framework_firstprog.BaseTest" tests="1" failures="0" timestamp="14 Mar 2019 17:53:28 GMT" time="0.000" errors="0">
  <testcase name="display" time="0.000" classname="com.pom_framework_firstprog.BaseTest"/>
</testsuite> <!-- com.pom_framework_firstprog.BaseTest -->
