<?xml version="1.0" encoding="UTF-8"?>
<!-- Generated by org.testng.reporters.JUnitReportReporter -->
<testsuite hostname="WINCTRL-4UBSUNC" name="TestNGPrograms.TestNG_FacebookProgramByPriority" tests="3" failures="0" timestamp="8 Mar 2019 06:53:40 GMT" time="0.031" errors="0">
  <testcase name="launchingFacebookApplication" time="0.015" classname="TestNGPrograms.TestNG_FacebookProgramByPriority"/>
  <testcase name="logInFunctionality" time="0.000" classname="TestNGPrograms.TestNG_FacebookProgramByPriority"/>
  <testcase name="facebookLogout" time="0.016" classname="TestNGPrograms.TestNG_FacebookProgramByPriority"/>
</testsuite> <!-- TestNGPrograms.TestNG_FacebookProgramByPriority -->
