<?xml version="1.0" encoding="UTF-8"?>
<!-- Generated by org.testng.reporters.JUnitReportReporter -->
<testsuite hostname="WINCTRL-4UBSUNC" name="com.DataDrivenBasicprogarmsofTestNG.SimpleFacebookLogin" tests="1" failures="0" timestamp="11 Mar 2019 07:18:24 GMT" time="12.098" errors="0">
  <testcase name="logINFacebook" time="12.098" classname="com.DataDrivenBasicprogarmsofTestNG.SimpleFacebookLogin"/>
</testsuite> <!-- com.DataDrivenBasicprogarmsofTestNG.SimpleFacebookLogin -->
