<?xml version="1.0" encoding="UTF-8"?>
<!-- Generated by org.testng.reporters.JUnitReportReporter -->
<testsuite hostname="WINCTRL-4UBSUNC" name="com.DatadrivenTestNGprogm.FirstSimpleprog" tests="1" failures="0" timestamp="12 Mar 2019 09:03:30 GMT" time="0.014" errors="0">
  <testcase name="displayData" time="0.014" classname="com.DatadrivenTestNGprogm.FirstSimpleprog"/>
</testsuite> <!-- com.DatadrivenTestNGprogm.FirstSimpleprog -->
