<?xml version="1.0" encoding="UTF-8"?>
<!-- Generated by org.testng.reporters.JUnitReportReporter -->
<testsuite hostname="WINCTRL-4UBSUNC" name="TestNGPrograms.TestNGBasic_Program" tests="4" failures="0" timestamp="8 Mar 2019 06:46:57 GMT" time="0.016" errors="0">
  <testcase name="facebookLoginUser" time="0.000" classname="TestNGPrograms.TestNGBasic_Program"/>
  <testcase name="facebooLaunch" time="0.016" classname="TestNGPrograms.TestNGBasic_Program"/>
  <testcase name="sendRequestFunctionality" time="0.000" classname="TestNGPrograms.TestNGBasic_Program"/>
  <testcase name="facebookLogOutUser" time="0.000" classname="TestNGPrograms.TestNGBasic_Program"/>
</testsuite> <!-- TestNGPrograms.TestNGBasic_Program -->
