<?xml version="1.0" encoding="UTF-8"?>
<!-- Generated by org.testng.reporters.JUnitReportReporter -->
<testsuite hostname="WINCTRL-4UBSUNC" name="com.DatadrivenTestNGprogm.Secondsimpleprg" tests="1" failures="0" timestamp="12 Mar 2019 09:03:30 GMT" time="0.002" errors="0">
  <testcase name="displayData1" time="0.002" classname="com.DatadrivenTestNGprogm.Secondsimpleprg"/>
</testsuite> <!-- com.DatadrivenTestNGprogm.Secondsimpleprg -->
