<?xml version="1.0" encoding="UTF-8"?>
<!-- Generated by org.testng.reporters.JUnitReportReporter -->
<testsuite hostname="WINCTRL-4UBSUNC" name="com.DatadrivenTestNGprogm.BasicTestNGprintmsg" tests="1" failures="0" timestamp="12 Mar 2019 09:16:20 GMT" time="0.014" errors="0">
  <testcase name="displayMsg" time="0.014" classname="com.DatadrivenTestNGprogm.BasicTestNGprintmsg"/>
</testsuite> <!-- com.DatadrivenTestNGprogm.BasicTestNGprintmsg -->
