<?xml version="1.0" encoding="UTF-8"?>
<!-- Generated by org.testng.reporters.JUnitReportReporter -->
<testsuite hostname="WINCTRL-4UBSUNC" name="TestNGPrograms.BasicTestNGAnnotations" tests="1" failures="0" timestamp="11 Mar 2019 06:30:43 GMT" time="0.015" errors="0">
  <testcase name="launchingApplication" time="0.015" classname="TestNGPrograms.BasicTestNGAnnotations"/>
</testsuite> <!-- TestNGPrograms.BasicTestNGAnnotations -->
