<?xml version="1.0" encoding="UTF-8"?>
<!-- Generated by org.testng.reporters.JUnitReportReporter -->
<testsuite hostname="WINCTRL-4UBSUNC" name="TestNGPrograms.BeforeandAfter_TestCase" tests="2" failures="0" timestamp="9 Mar 2019 06:12:54 GMT" time="0.008" errors="0">
  <testcase name="inBox" time="0.002" classname="TestNGPrograms.BeforeandAfter_TestCase"/>
  <testcase name="logMail" time="0.006" classname="TestNGPrograms.BeforeandAfter_TestCase"/>
</testsuite> <!-- TestNGPrograms.BeforeandAfter_TestCase -->
